{
  "stats": {
    "suites": 1,
    "tests": 1,
    "passes": 1,
    "pending": 0,
    "failures": 0,
    "start": "2020-08-08T07:38:49.311Z",
    "end": "2020-08-08T07:38:58.563Z",
    "duration": 9252,
    "testsRegistered": 1,
    "passPercent": 100,
    "pendingPercent": 0,
    "other": 0,
    "hasOther": false,
    "skipped": 0,
    "hasSkipped": false
  },
  "results": [
    {
      "uuid": "09857d0d-b610-463b-bb0d-79d2f6e81e65",
      "title": "",
      "fullFile": "cypress\\integration\\week2\\Classroom.js",
      "file": "cypress\\integration\\week2\\Classroom.js",
      "beforeHooks": [],
      "afterHooks": [],
      "tests": [],
      "suites": [
        {
          "uuid": "e8c3eda1-49f6-4fe6-a824-7ac11edeefef",
          "title": "Learn Webtable",
          "fullFile": "",
          "file": "",
          "beforeHooks": [],
          "afterHooks": [],
          "tests": [
            {
              "title": "Erail Webtable",
              "fullTitle": "Learn Webtable Erail Webtable",
              "timedOut": null,
              "duration": 5448,
              "state": "passed",
              "speed": "slow",
              "pass": true,
              "fail": false,
              "pending": false,
              "context": null,
              "code": "cy.visit('http://www.leafground.com/pages/sorttable.html');\ncy.get('#table_id').find('tbody').find('tr').as('tableRows');\ncy.screenshot('File2', 'viewport');\ncy.get('@tableRows').each(function ($tr, index, $trs) {\n  var emp_id = $tr.find('td').first().text();\n  if (emp_id < 1007) {\n    cy.log($tr.find('td').last().prev().text());\n  }\n});",
              "err": {},
              "uuid": "8047673d-d2a1-4b9e-a771-ebd7fb11baee",
              "parentUUID": "e8c3eda1-49f6-4fe6-a824-7ac11edeefef",
              "isHook": false,
              "skipped": false
            }
          ],
          "suites": [],
          "passes": [
            "8047673d-d2a1-4b9e-a771-ebd7fb11baee"
          ],
          "failures": [],
          "pending": [],
          "skipped": [],
          "duration": 5448,
          "root": false,
          "rootEmpty": false,
          "_timeout": 2000
        }
      ],
      "passes": [],
      "failures": [],
      "pending": [],
      "skipped": [],
      "duration": 0,
      "root": true,
      "rootEmpty": true,
      "_timeout": 2000
    }
  ],
  "meta": {
    "mocha": {
      "version": "7.0.1"
    },
    "mochawesome": {
      "options": {
        "quiet": false,
        "reportFilename": "mochawesome",
        "saveHtml": true,
        "saveJson": true,
        "consoleReporter": "spec",
        "useInlineDiffs": false,
        "code": true
      },
      "version": "6.1.1"
    },
    "marge": {
      "options": {
        "reportDir": "cypress/report/mochawesome-report",
        "overwrite": false,
        "html": true,
        "json": true,
        "timestamp": "mmddyyyy_HHMMss"
      },
      "version": "5.1.0"
    }
  }
}