{
  "stats": {
    "suites": 1,
    "tests": 1,
    "passes": 0,
    "pending": 0,
    "failures": 1,
    "start": "2020-08-07T01:37:06.700Z",
    "end": "2020-08-07T01:37:11.540Z",
    "duration": 4840,
    "testsRegistered": 1,
    "passPercent": 0,
    "pendingPercent": 0,
    "other": 0,
    "hasOther": false,
    "skipped": 0,
    "hasSkipped": false
  },
  "results": [
    {
      "uuid": "2e3fd69a-5807-4ba1-9dcc-79dec81f50f7",
      "title": "",
      "fullFile": "cypress\\integration\\week2\\LearnFileHandling.js",
      "file": "cypress\\integration\\week2\\LearnFileHandling.js",
      "beforeHooks": [],
      "afterHooks": [],
      "tests": [],
      "suites": [
        {
          "uuid": "7ac4bfa9-dab3-4815-9040-a996968a6be8",
          "title": "Learn Cypress File Handling",
          "fullFile": "",
          "file": "",
          "beforeHooks": [],
          "afterHooks": [],
          "tests": [
            {
              "title": "Cypress commands - readFile, writeFile and Fixture",
              "fullTitle": "Learn Cypress File Handling Cypress commands - readFile, writeFile and Fixture",
              "timedOut": null,
              "duration": 4512,
              "state": "failed",
              "speed": null,
              "pass": false,
              "fail": true,
              "pending": false,
              "context": null,
              "code": "var cmpName = cy.readFile('TextFile.json').its('companyName');\ncy.log('The company Name: ' + cmpName);",
              "err": {
                "message": "AssertionError: Timed out retrying: `cy.readFile(\"TextFile.json\")` failed because the file does not exist at the following path:\n\n`C:\\Cypress\\TextFile.json`\n\nhttps://on.cypress.io/readfile",
                "estack": "AssertionError: Timed out retrying: `cy.readFile(\"TextFile.json\")` failed because the file does not exist at the following path:\n\n`C:\\Cypress\\TextFile.json`\n\nhttps://on.cypress.io/readfile\n    at Context.eval (http://localhost:64005/__cypress/tests?p=cypress\\integration\\week2\\LearnFileHandling.js:7:22)",
                "diff": null
              },
              "uuid": "13712f10-c889-467f-82ba-b94bed34117e",
              "parentUUID": "7ac4bfa9-dab3-4815-9040-a996968a6be8",
              "isHook": false,
              "skipped": false
            }
          ],
          "suites": [],
          "passes": [],
          "failures": [
            "13712f10-c889-467f-82ba-b94bed34117e"
          ],
          "pending": [],
          "skipped": [],
          "duration": 4512,
          "root": false,
          "rootEmpty": false,
          "_timeout": 2000
        }
      ],
      "passes": [],
      "failures": [],
      "pending": [],
      "skipped": [],
      "duration": 0,
      "root": true,
      "rootEmpty": true,
      "_timeout": 2000
    }
  ],
  "meta": {
    "mocha": {
      "version": "7.0.1"
    },
    "mochawesome": {
      "options": {
        "quiet": false,
        "reportFilename": "mochawesome",
        "saveHtml": true,
        "saveJson": true,
        "consoleReporter": "spec",
        "useInlineDiffs": false,
        "code": true
      },
      "version": "6.1.1"
    },
    "marge": {
      "options": {
        "reportDir": "cypress/report/mochawesome-report",
        "overwrite": false,
        "html": true,
        "json": true,
        "timestamp": "mmddyyyy_HHMMss"
      },
      "version": "5.1.0"
    }
  }
}