{
  "stats": {
    "suites": 0,
    "tests": 1,
    "passes": 0,
    "pending": 0,
    "failures": 1,
    "start": "2020-08-15T17:39:42.063Z",
    "end": "2020-08-15T17:39:43.273Z",
    "duration": 1210,
    "testsRegistered": 1,
    "passPercent": 0,
    "pendingPercent": 0,
    "other": 1,
    "hasOther": true,
    "skipped": 0,
    "hasSkipped": false
  },
  "results": [
    {
      "uuid": "8f40fb4a-85cf-4451-9ea4-3ac9c7380745",
      "title": "",
      "fullFile": "cypress\\integration\\CreateLead.feature",
      "file": "cypress\\integration\\CreateLead.feature",
      "beforeHooks": [],
      "afterHooks": [],
      "tests": [
        {
          "title": "An uncaught error was detected outside of a test",
          "fullTitle": "An uncaught error was detected outside of a test",
          "timedOut": null,
          "duration": 509,
          "state": "failed",
          "speed": null,
          "pass": false,
          "fail": true,
          "pending": false,
          "context": null,
          "code": "throw err;",
          "err": {
            "message": "CypressError: `cy.task('writeAllureResults')` failed with the following error:\n\nThe 'task' event has not been registered in the plugins file. You must register it before using cy.task()\n\nFix this in your plugins file here:\nC:\\Cypress\\cypress\\plugins\\index.js\n\nhttps://on.cypress.io/api/task\n\nBecause this error occurred during a `after all` hook we are skipping all of the remaining tests.",
            "estack": "CypressError: `cy.task('writeAllureResults')` failed with the following error:\n\nThe 'task' event has not been registered in the plugins file. You must register it before using cy.task()\n\nFix this in your plugins file here:\nC:\\Cypress\\cypress\\plugins\\index.js\n\nhttps://on.cypress.io/api/task\n\nBecause this error occurred during a `after all` hook we are skipping all of the remaining tests.\n    at http://localhost:54896/__cypress/runner/cypress_runner.js:158361:21\n    at tryCatcher (http://localhost:54896/__cypress/runner/cypress_runner.js:9956:23)\n    at Promise._settlePromiseFromHandler (http://localhost:54896/__cypress/runner/cypress_runner.js:7891:31)\n    at Promise._settlePromise (http://localhost:54896/__cypress/runner/cypress_runner.js:7948:18)\n    at Promise._settlePromise0 (http://localhost:54896/__cypress/runner/cypress_runner.js:7993:10)\n    at Promise._settlePromises (http://localhost:54896/__cypress/runner/cypress_runner.js:8069:18)\n    at _drainQueueStep (http://localhost:54896/__cypress/runner/cypress_runner.js:4663:12)\n    at _drainQueue (http://localhost:54896/__cypress/runner/cypress_runner.js:4656:9)\n    at Async.../../node_modules/bluebird/js/release/async.js.Async._drainQueues (http://localhost:54896/__cypress/runner/cypress_runner.js:4672:5)\n    at Async.drainQueues (http://localhost:54896/__cypress/runner/cypress_runner.js:4542:14)\nFrom Your Spec Code:\n    at Context.eval (http://localhost:54896/__cypress/tests?p=cypress\\support\\index.js:92:12)\nFrom Your Spec Code:\n    at Context.eval (http://localhost:54896/__cypress/tests?p=cypress\\support\\index.js:92:12)",
            "diff": null
          },
          "uuid": "0ac8efe6-6f51-4148-997e-601ef4865204",
          "parentUUID": "8f40fb4a-85cf-4451-9ea4-3ac9c7380745",
          "isHook": false,
          "skipped": false
        }
      ],
      "suites": [],
      "passes": [],
      "failures": [
        "0ac8efe6-6f51-4148-997e-601ef4865204"
      ],
      "pending": [],
      "skipped": [],
      "duration": 509,
      "root": true,
      "rootEmpty": false,
      "_timeout": 2000
    }
  ],
  "meta": {
    "mocha": {
      "version": "7.0.1"
    },
    "mochawesome": {
      "options": {
        "quiet": false,
        "reportFilename": "mochawesome",
        "saveHtml": true,
        "saveJson": true,
        "consoleReporter": "spec",
        "useInlineDiffs": false,
        "code": true
      },
      "version": "6.1.1"
    },
    "marge": {
      "options": {
        "reportDir": "cypress/report/mochawesome-report",
        "overwrite": false,
        "html": true,
        "json": true,
        "timestamp": "mmddyyyy_HHMMss"
      },
      "version": "5.1.0"
    }
  }
}