{
  "stats": {
    "suites": 1,
    "tests": 2,
    "passes": 0,
    "pending": 0,
    "failures": 2,
    "start": "2020-08-08T14:06:04.155Z",
    "end": "2020-08-08T14:06:56.113Z",
    "duration": 51958,
    "testsRegistered": 2,
    "passPercent": 0,
    "pendingPercent": 0,
    "other": 0,
    "hasOther": false,
    "skipped": 0,
    "hasSkipped": false
  },
  "results": [
    {
      "uuid": "9daa476f-230c-4a78-8b01-ba2cce5dc4a8",
      "title": "",
      "fullFile": "cypress\\integration\\week2\\RunMyntraIterations.js",
      "file": "cypress\\integration\\week2\\RunMyntraIterations.js",
      "beforeHooks": [],
      "afterHooks": [],
      "tests": [],
      "suites": [
        {
          "uuid": "88a62872-f8d8-48e1-9796-7658fb021fef",
          "title": "Myntra Product search",
          "fullFile": "",
          "file": "",
          "beforeHooks": [],
          "afterHooks": [],
          "tests": [
            {
              "title": "Sunglasses search and validate Similar products",
              "fullTitle": "Myntra Product search Sunglasses search and validate Similar products",
              "timedOut": null,
              "duration": 20557,
              "state": "failed",
              "speed": null,
              "pass": false,
              "fail": true,
              "pending": false,
              "context": null,
              "code": "cy.visit('https://www.myntra.com/', {\n  headers: {\n    \"Accept-Encoding\": \"gzip, deflate\"\n  }\n});\ncy.get('input[class = desktop-searchBar]').type(eachData.searchProduct).type('{enter}');\ncy.wait(6000);\ncy.contains(eachData.searchItem).siblings('.product-sizes').first().invoke('text').then(function ($productSize) {\n  var productSize = $productSize;\n  cy.log(\"Productb Size: \", productSize);\n});\ncy.contains(eachData.searchItem).siblings('.product-price').first().invoke('text').then(function ($productPrice) {\n  var productPrice = $productPrice;\n  cy.log(\"Productb Price: \", productPrice);\n});\n/* cy.get('.product-ratingsContainer').first().siblings('a').trigger('mouseover');\ncy.wait(5000);\ncy.get('.image-grid-similarColorsCta').first().click({ force: true })\nvar listofSimilarProducts = cy.get('.results-similarItemContainer').find('li').then(listing => {\n  const listingCount = Cypress.$(listing).length;\n  assert.isAbove(listingCount, 5, 'Similar products are greater than 5')\n}); */",
              "err": {
                "message": "AssertionError: Timed out retrying: Expected to find element: `.product-sizes`, but never found it. Queried from element: <a>",
                "estack": "AssertionError: Timed out retrying: Expected to find element: `.product-sizes`, but never found it. Queried from element: <a>\n    at Context.eval (https://www.myntra.com/__cypress/tests?p=cypress\\integration\\week2\\RunMyntraIterations.js:28:40)",
                "diff": null
              },
              "uuid": "585775e7-044a-453d-b477-bc9c3146712e",
              "parentUUID": "88a62872-f8d8-48e1-9796-7658fb021fef",
              "isHook": false,
              "skipped": false
            },
            {
              "title": "Sunglasses search and validate Similar products",
              "fullTitle": "Myntra Product search Sunglasses search and validate Similar products",
              "timedOut": null,
              "duration": 21393,
              "state": "failed",
              "speed": null,
              "pass": false,
              "fail": true,
              "pending": false,
              "context": null,
              "code": "cy.visit('https://www.myntra.com/', {\n  headers: {\n    \"Accept-Encoding\": \"gzip, deflate\"\n  }\n});\ncy.get('input[class = desktop-searchBar]').type(eachData.searchProduct).type('{enter}');\ncy.wait(6000);\ncy.contains(eachData.searchItem).siblings('.product-sizes').first().invoke('text').then(function ($productSize) {\n  var productSize = $productSize;\n  cy.log(\"Productb Size: \", productSize);\n});\ncy.contains(eachData.searchItem).siblings('.product-price').first().invoke('text').then(function ($productPrice) {\n  var productPrice = $productPrice;\n  cy.log(\"Productb Price: \", productPrice);\n});\n/* cy.get('.product-ratingsContainer').first().siblings('a').trigger('mouseover');\ncy.wait(5000);\ncy.get('.image-grid-similarColorsCta').first().click({ force: true })\nvar listofSimilarProducts = cy.get('.results-similarItemContainer').find('li').then(listing => {\n  const listingCount = Cypress.$(listing).length;\n  assert.isAbove(listingCount, 5, 'Similar products are greater than 5')\n}); */",
              "err": {
                "message": "AssertionError: Timed out retrying: Expected to find content: 'Shoulder Bags' but never did.",
                "estack": "AssertionError: Timed out retrying: Expected to find content: 'Shoulder Bags' but never did.\n    at Context.eval (https://www.myntra.com/__cypress/tests?p=cypress\\integration\\week2\\RunMyntraIterations.js:28:10)",
                "diff": null
              },
              "uuid": "e2758d26-efa6-493d-8ed9-4590d432fb27",
              "parentUUID": "88a62872-f8d8-48e1-9796-7658fb021fef",
              "isHook": false,
              "skipped": false
            }
          ],
          "suites": [],
          "passes": [],
          "failures": [
            "585775e7-044a-453d-b477-bc9c3146712e",
            "e2758d26-efa6-493d-8ed9-4590d432fb27"
          ],
          "pending": [],
          "skipped": [],
          "duration": 41950,
          "root": false,
          "rootEmpty": false,
          "_timeout": 2000
        }
      ],
      "passes": [],
      "failures": [],
      "pending": [],
      "skipped": [],
      "duration": 0,
      "root": true,
      "rootEmpty": true,
      "_timeout": 2000
    }
  ],
  "meta": {
    "mocha": {
      "version": "7.0.1"
    },
    "mochawesome": {
      "options": {
        "quiet": false,
        "reportFilename": "mochawesome",
        "saveHtml": true,
        "saveJson": true,
        "consoleReporter": "spec",
        "useInlineDiffs": false,
        "code": true
      },
      "version": "6.1.1"
    },
    "marge": {
      "options": {
        "reportDir": "cypress/report/mochawesome-report",
        "overwrite": false,
        "html": true,
        "json": true,
        "timestamp": "mmddyyyy_HHMMss"
      },
      "version": "5.1.0"
    }
  }
}