{
  "stats": {
    "suites": 1,
    "tests": 1,
    "passes": 0,
    "pending": 0,
    "failures": 1,
    "start": "2020-08-06T10:33:18.013Z",
    "end": "2020-08-06T10:34:52.202Z",
    "duration": 94189,
    "testsRegistered": 1,
    "passPercent": 0,
    "pendingPercent": 0,
    "other": 0,
    "hasOther": false,
    "skipped": 0,
    "hasSkipped": false
  },
  "results": [
    {
      "uuid": "d1a196b7-15e9-47f8-9746-d322a038153d",
      "title": "",
      "fullFile": "cypress\\integration\\week2\\Myntra.js",
      "file": "cypress\\integration\\week2\\Myntra.js",
      "beforeHooks": [],
      "afterHooks": [],
      "tests": [],
      "suites": [
        {
          "uuid": "d42f0257-ac6f-44df-a337-f444c0ef902a",
          "title": "Myntra Product search",
          "fullFile": "",
          "file": "",
          "beforeHooks": [],
          "afterHooks": [],
          "tests": [
            {
              "title": "Sunglasses search and validate Similar products",
              "fullTitle": "Myntra Product search Sunglasses search and validate Similar products",
              "timedOut": null,
              "duration": 85688,
              "state": "failed",
              "speed": null,
              "pass": false,
              "fail": true,
              "pending": false,
              "context": null,
              "code": "cy.visit('https://www.myntra.com/', {\n  headers: {\n    \"Accept-Encoding\": \"gzip, deflate\"\n  }\n});\ncy.get('input[class = desktop-searchBar]').type('Sunglasses').type('{enter}');\ncy.wait(6000);\ncy.get('input[value=\"Polaroid\"]').first().click({\n  force: true\n});\ncy.wait(6000);\ncy.xpath(\"//h4[text()='Men Rectangle Sunglasses']\").siblings('.product-sizes').first().invoke('text').then(function ($productSize) {\n  var productSize = $productSize;\n  cy.log(\"Productb Size: \", productSize);\n});\ncy.xpath(\"//h4[text()='Men Rectangle Sunglasses']\").siblings('.product-price').first().invoke('text').then(function ($productPrice) {\n  var productPrice = $productPrice;\n  cy.log(\"Productb Price: \", productPrice);\n});\ncy.screenshot();\ncy.get('.product-ratingsContainer').first().siblings('a').trigger('mouseover');\ncy.wait(5000);\ncy.get('.image-grid-similarColorsCta').first().click({\n  force: true\n});\nvar listofSimilarProducts = cy.get('.results-similarItemContainer').find('li').then(function (listing) {\n  var listingCount = Cypress.$(listing).length;\n  assert.isAbove(listingCount, 5, 'Similar products are greater than 5');\n});",
              "err": {
                "message": "CypressError: `cy.screenshot()` timed out waiting `30000ms` to complete.\n\nhttps://on.cypress.io/screenshot",
                "estack": "CypressError: `cy.screenshot()` timed out waiting `30000ms` to complete.\n\nhttps://on.cypress.io/screenshot\n    at https://www.myntra.com/__cypress/runner/cypress_runner.js:157837:22\n    at tryCatcher (https://www.myntra.com/__cypress/runner/cypress_runner.js:9956:23)\n    at https://www.myntra.com/__cypress/runner/cypress_runner.js:5078:41\n    at tryCatcher (https://www.myntra.com/__cypress/runner/cypress_runner.js:9956:23)\n    at Promise._settlePromiseFromHandler (https://www.myntra.com/__cypress/runner/cypress_runner.js:7891:31)\n    at Promise._settlePromise (https://www.myntra.com/__cypress/runner/cypress_runner.js:7948:18)\n    at Promise._settlePromise0 (https://www.myntra.com/__cypress/runner/cypress_runner.js:7993:10)\n    at Promise._settlePromises (https://www.myntra.com/__cypress/runner/cypress_runner.js:8069:18)\n    at _drainQueueStep (https://www.myntra.com/__cypress/runner/cypress_runner.js:4663:12)\n    at _drainQueue (https://www.myntra.com/__cypress/runner/cypress_runner.js:4656:9)\n    at Async.../../node_modules/bluebird/js/release/async.js.Async._drainQueues (https://www.myntra.com/__cypress/runner/cypress_runner.js:4672:5)\n    at Async.drainQueues (https://www.myntra.com/__cypress/runner/cypress_runner.js:4542:14)\nFrom Your Spec Code:\n    at Context.eval (https://www.myntra.com/__cypress/tests?p=cypress\\integration\\week2\\Myntra.js:26:8)",
                "diff": null
              },
              "uuid": "84e3e549-bfad-44b3-bae4-08186cf8b5dc",
              "parentUUID": "d42f0257-ac6f-44df-a337-f444c0ef902a",
              "isHook": false,
              "skipped": false
            }
          ],
          "suites": [],
          "passes": [],
          "failures": [
            "84e3e549-bfad-44b3-bae4-08186cf8b5dc"
          ],
          "pending": [],
          "skipped": [],
          "duration": 85688,
          "root": false,
          "rootEmpty": false,
          "_timeout": 2000
        }
      ],
      "passes": [],
      "failures": [],
      "pending": [],
      "skipped": [],
      "duration": 0,
      "root": true,
      "rootEmpty": true,
      "_timeout": 2000
    }
  ],
  "meta": {
    "mocha": {
      "version": "7.0.1"
    },
    "mochawesome": {
      "options": {
        "quiet": false,
        "reportFilename": "mochawesome",
        "saveHtml": true,
        "saveJson": true,
        "consoleReporter": "spec",
        "useInlineDiffs": false,
        "code": true
      },
      "version": "6.1.1"
    },
    "marge": {
      "options": {
        "reportDir": "cypress/report/mochawesome-report",
        "overwrite": false,
        "html": true,
        "json": true,
        "timestamp": "mmddyyyy_HHMMss"
      },
      "version": "5.1.0"
    }
  }
}