{
  "stats": {
    "suites": 1,
    "tests": 1,
    "passes": 1,
    "pending": 0,
    "failures": 0,
    "start": "2020-08-15T15:12:44.807Z",
    "end": "2020-08-15T15:12:58.459Z",
    "duration": 13652,
    "testsRegistered": 1,
    "passPercent": 100,
    "pendingPercent": 0,
    "other": 0,
    "hasOther": false,
    "skipped": 0,
    "hasSkipped": false
  },
  "results": [
    {
      "uuid": "48320814-a556-4794-9b0c-c4172f120a4c",
      "title": "",
      "fullFile": "cypress\\integration\\CreateLead.feature",
      "file": "cypress\\integration\\CreateLead.feature",
      "beforeHooks": [],
      "afterHooks": [],
      "tests": [],
      "suites": [
        {
          "uuid": "dc9bdb47-e664-45e0-a29d-d480014ced54",
          "title": "Login Leaftaps Application",
          "fullFile": "",
          "file": "",
          "beforeHooks": [],
          "afterHooks": [],
          "tests": [
            {
              "title": "TC01 Login for Leaftaps - Positive Flow",
              "fullTitle": "Login Leaftaps Application TC01 Login for Leaftaps - Positive Flow",
              "timedOut": null,
              "duration": 5048,
              "state": "passed",
              "speed": "slow",
              "pass": true,
              "fail": false,
              "pending": false,
              "context": null,
              "code": "const state = window.testState;\nreturn cy\n  .then(() => state.onStartScenario(scenario, indexedSteps))\n  .then(() =>\n    resolveAndRunBeforeHooks.call(this, scenario.tags, state.feature.name)\n  )\n  .then(() =>\n    indexedSteps.forEach(step =>\n      stepTest.call(this, state, step, rowData)\n    )\n  )\n  .then(() =>\n    resolveAndRunAfterHooks.call(this, scenario.tags, state.feature.name)\n  )\n  .then(() => state.onFinishScenario(scenario));",
              "err": {},
              "uuid": "34b1383d-bf68-40db-b1eb-54cf0bd0fca6",
              "parentUUID": "dc9bdb47-e664-45e0-a29d-d480014ced54",
              "isHook": false,
              "skipped": false
            }
          ],
          "suites": [],
          "passes": [
            "34b1383d-bf68-40db-b1eb-54cf0bd0fca6"
          ],
          "failures": [],
          "pending": [],
          "skipped": [],
          "duration": 5048,
          "root": false,
          "rootEmpty": false,
          "_timeout": 2000
        }
      ],
      "passes": [],
      "failures": [],
      "pending": [],
      "skipped": [],
      "duration": 0,
      "root": true,
      "rootEmpty": true,
      "_timeout": 2000
    }
  ],
  "meta": {
    "mocha": {
      "version": "7.0.1"
    },
    "mochawesome": {
      "options": {
        "quiet": false,
        "reportFilename": "mochawesome",
        "saveHtml": true,
        "saveJson": true,
        "consoleReporter": "spec",
        "useInlineDiffs": false,
        "code": true
      },
      "version": "6.1.1"
    },
    "marge": {
      "options": {
        "reportDir": "cypress/report/mochawesome-report",
        "overwrite": false,
        "html": true,
        "json": true,
        "timestamp": "mmddyyyy_HHMMss"
      },
      "version": "5.1.0"
    }
  }
}