{
  "stats": {
    "suites": 1,
    "tests": 2,
    "passes": 1,
    "pending": 0,
    "failures": 1,
    "start": "2020-08-29T04:27:45.312Z",
    "end": "2020-08-29T04:30:31.338Z",
    "duration": 166026,
    "testsRegistered": 2,
    "passPercent": 50,
    "pendingPercent": 0,
    "other": 1,
    "hasOther": true,
    "skipped": 0,
    "hasSkipped": false
  },
  "results": [
    {
      "uuid": "597bcb30-7729-4a91-8ed8-825d526f0eba",
      "title": "",
      "fullFile": "cypress\\integration\\01_Lead.spec.js",
      "file": "cypress\\integration\\01_Lead.spec.js",
      "beforeHooks": [],
      "afterHooks": [],
      "tests": [],
      "suites": [
        {
          "uuid": "f0476f87-f088-4390-94ba-f36f1a4dbc88",
          "title": "Lead module test cases",
          "fullFile": "",
          "file": "",
          "beforeHooks": [],
          "afterHooks": [],
          "tests": [
            {
              "title": "Create Lead",
              "fullTitle": "Lead module test cases Create Lead",
              "timedOut": null,
              "duration": 88597,
              "state": "passed",
              "speed": "slow",
              "pass": true,
              "fail": false,
              "pending": false,
              "context": null,
              "code": "cy.contains(\"Create Lead\").click();\ncy.get(\"#createLeadForm_companyName\").type(\"TestLeaf\");\ncy.get(\"#createLeadForm_firstName\").type(\"Sethu\");\ncy.get(\"#createLeadForm_lastName\").type(\"Subramanian\");\ncy.get('#createLeadForm_dataSourceId').select('Direct Mail');\ncy.get('#createLeadForm_marketingCampaignId').select('CATRQ_AUTOMOBILE');\ncy.get('#createLeadForm_industryEnumId').select('IND_TELECOM');\ncy.get('#createLeadForm_ownershipEnumId').select('Corporation');\ncy.get('#createLeadForm_generalCountryGeoId').select('India');\ncy.get(\"input[value = 'Create Lead']\").click();\ncy.title().should('eq', 'View Lead | opentaps CRM');",
              "err": {},
              "uuid": "500f32d9-c6ba-4b44-8ae5-ccea94f2ec87",
              "parentUUID": "f0476f87-f088-4390-94ba-f36f1a4dbc88",
              "isHook": false,
              "skipped": false
            },
            {
              "title": "Duplicate Lead",
              "fullTitle": "Lead module test cases Duplicate Lead",
              "timedOut": null,
              "duration": 1716,
              "state": "failed",
              "speed": null,
              "pass": false,
              "fail": true,
              "pending": false,
              "context": null,
              "code": "cy.contains(\"Find Leads\").click();\ncy.contains('Email').click();\ncy.get(\"input[name='emailAddress']\").type(\"abc@gmail.com\");\ncy.xpath('//button[text()=\"Find Leads\"]').click();\ncy.wait(4000);\ncy.xpath(\"(//div[@class='x-grid3-cell-inner x-grid3-col-partyId'])[1]/a\").click();\ncy.wait(4000);\ncy.contains(\"Duplicate Lead\").click();\ncy.title().should('eq', 'Duplicate Lead | opentaps CRM');\nvar createleadName = 'Sample';\ncy.get('#createLeadForm_firstName').invoke('val').then(function ($firstName) {\n  createleadName = $firstName;\n  cy.log(\"console log\", createleadName);\n});\ncy.get(\"input[value = 'Create Lead']\").click();\ncy.wait(4000);\nvar vleadName;\ncy.get('#viewLead_firstName_sp').invoke('text').then(function ($ViewfirstName) {\n  vleadName = $ViewfirstName;\n  cy.log(\"From view lead: \", vleadName);\n});",
              "err": {
                "message": "CypressError: `cy.click()` failed because it requires a DOM element.\n\nThe subject received was:\n\n  > `undefined`\n\nThe previous command that ran was:\n\n  > `cy.get()`\n\nBecause this error occurred during a `after each` hook we are skipping the remaining tests in the current suite: `Lead module test cases`",
                "estack": "CypressError: `cy.click()` failed because it requires a DOM element.\n\nThe subject received was:\n\n  > `undefined`\n\nThe previous command that ran was:\n\n  > `cy.get()`\n\nBecause this error occurred during a `after each` hook we are skipping the remaining tests in the current suite: `Lead module test cases`\n    at ensureElement (http://leaftaps.com/__cypress/runner/cypress_runner.js:159904:24)\n    at validateType (http://leaftaps.com/__cypress/runner/cypress_runner.js:159728:16)\n    at Object.ensureSubjectByType (http://leaftaps.com/__cypress/runner/cypress_runner.js:159770:11)\n    at pushSubjectAndValidate (http://leaftaps.com/__cypress/runner/cypress_runner.js:167481:15)\n    at Context.<anonymous> (http://leaftaps.com/__cypress/runner/cypress_runner.js:167809:18)\nFrom Your Spec Code:\n    at Context.eval (http://leaftaps.com/__cypress/tests?p=cypress\\integration\\01_Lead.spec.js:56:33)\nFrom Your Spec Code:\n    at Context.eval (http://leaftaps.com/__cypress/tests?p=cypress\\integration\\01_Lead.spec.js:56:33)",
                "diff": null
              },
              "uuid": "e73b3837-0234-44d9-85d8-e8b566e1b476",
              "parentUUID": "f0476f87-f088-4390-94ba-f36f1a4dbc88",
              "isHook": false,
              "skipped": false
            }
          ],
          "suites": [],
          "passes": [
            "500f32d9-c6ba-4b44-8ae5-ccea94f2ec87"
          ],
          "failures": [
            "e73b3837-0234-44d9-85d8-e8b566e1b476"
          ],
          "pending": [],
          "skipped": [],
          "duration": 90313,
          "root": false,
          "rootEmpty": false,
          "_timeout": 2000
        }
      ],
      "passes": [],
      "failures": [],
      "pending": [],
      "skipped": [],
      "duration": 0,
      "root": true,
      "rootEmpty": true,
      "_timeout": 2000
    }
  ],
  "meta": {
    "mocha": {
      "version": "7.0.1"
    },
    "mochawesome": {
      "options": {
        "quiet": false,
        "reportFilename": "mochawesome",
        "saveHtml": true,
        "saveJson": true,
        "consoleReporter": "spec",
        "useInlineDiffs": false,
        "code": true
      },
      "version": "6.1.1"
    },
    "marge": {
      "options": {
        "reportDir": "cypress/report/mochawesome-report",
        "overwrite": false,
        "html": true,
        "json": true,
        "timestamp": "mmddyyyy_HHMMss"
      },
      "version": "5.1.0"
    }
  }
}