{
  "stats": {
    "suites": 0,
    "tests": 1,
    "passes": 0,
    "pending": 0,
    "failures": 1,
    "start": "2020-08-15T17:12:04.232Z",
    "end": "2020-08-15T17:12:05.023Z",
    "duration": 791,
    "testsRegistered": 1,
    "passPercent": 0,
    "pendingPercent": 0,
    "other": 0,
    "hasOther": false,
    "skipped": 0,
    "hasSkipped": false
  },
  "results": [
    {
      "uuid": "2868417a-5c63-4aa2-b5a4-7eddbd7e8e1f",
      "title": "",
      "fullFile": "cypress\\integration\\CreateLead.feature",
      "file": "cypress\\integration\\CreateLead.feature",
      "beforeHooks": [],
      "afterHooks": [],
      "tests": [
        {
          "title": "An uncaught error was detected outside of a test",
          "fullTitle": "An uncaught error was detected outside of a test",
          "timedOut": null,
          "duration": 636,
          "state": "failed",
          "speed": null,
          "pass": false,
          "fail": true,
          "pending": false,
          "context": null,
          "code": "throw err;",
          "err": {
            "message": "Error: The following error originated from your test code, not from Cypress.\n\n  > Undefined parameter type {String}\n\nWhen Cypress detects uncaught errors originating from your test code it will automatically fail the current test.\n\nCypress could not associate this error to any specific test.\n\nWe dynamically generated a new test to display this failure.",
            "estack": "Error: The following error originated from your test code, not from Cypress.\n\n  > Undefined parameter type {String}\n\nWhen Cypress detects uncaught errors originating from your test code it will automatically fail the current test.\n\nCypress could not associate this error to any specific test.\n\nWe dynamically generated a new test to display this failure.\n    at eval (http://localhost:54430/__cypress/tests?p=cypress\\integration\\CreateLead.feature:7584:33)\n    at String.replace (<anonymous>)\n    at CucumberExpression.processParameters (http://localhost:54430/__cypress/tests?p=cypress\\integration\\CreateLead.feature:7579:23)\n    at new CucumberExpression (http://localhost:54430/__cypress/tests?p=cypress\\integration\\CreateLead.feature:7539:23)\n    at StepDefinitionRegistry.runtime (http://localhost:54430/__cypress/tests?p=cypress\\integration\\CreateLead.feature:12119:22)\n    at and (http://localhost:54430/__cypress/tests?p=cypress\\integration\\CreateLead.feature:12317:28)\n    at Object.2.cypress-cucumber-preprocessor/steps (http://localhost:54430/__cypress/tests?p=cypress\\integration\\CreateLead.feature:62:16)\n    at o (http://localhost:54430/__cypress/tests?p=cypress\\integration\\CreateLead.feature:1:265)\n    at eval (http://localhost:54430/__cypress/tests?p=cypress\\integration\\CreateLead.feature:1:316)\n    at Suite.eval (http://localhost:54430/__cypress/tests?p=cypress\\integration\\CreateLead.feature:30:5)",
            "diff": null
          },
          "uuid": "87c9d7a6-9423-4933-a21a-8062cc1fc711",
          "parentUUID": "2868417a-5c63-4aa2-b5a4-7eddbd7e8e1f",
          "isHook": false,
          "skipped": false
        }
      ],
      "suites": [],
      "passes": [],
      "failures": [
        "87c9d7a6-9423-4933-a21a-8062cc1fc711"
      ],
      "pending": [],
      "skipped": [],
      "duration": 636,
      "root": true,
      "rootEmpty": false,
      "_timeout": 2000
    }
  ],
  "meta": {
    "mocha": {
      "version": "7.0.1"
    },
    "mochawesome": {
      "options": {
        "quiet": false,
        "reportFilename": "mochawesome",
        "saveHtml": true,
        "saveJson": true,
        "consoleReporter": "spec",
        "useInlineDiffs": false,
        "code": true
      },
      "version": "6.1.1"
    },
    "marge": {
      "options": {
        "reportDir": "cypress/report/mochawesome-report",
        "overwrite": false,
        "html": true,
        "json": true,
        "timestamp": "mmddyyyy_HHMMss"
      },
      "version": "5.1.0"
    }
  }
}