{
  "stats": {
    "suites": 1,
    "tests": 3,
    "passes": 2,
    "pending": 0,
    "failures": 1,
    "start": "2020-08-08T06:50:00.924Z",
    "end": "2020-08-08T06:52:58.966Z",
    "duration": 178042,
    "testsRegistered": 3,
    "passPercent": 66.66666666666666,
    "pendingPercent": 0,
    "other": 0,
    "hasOther": false,
    "skipped": 0,
    "hasSkipped": false
  },
  "results": [
    {
      "uuid": "6202929a-69d9-4788-ada8-5337e28435af",
      "title": "",
      "fullFile": "cypress\\integration\\week2\\RunIterations.js",
      "file": "cypress\\integration\\week2\\RunIterations.js",
      "beforeHooks": [],
      "afterHooks": [],
      "tests": [],
      "suites": [
        {
          "uuid": "2c48996e-48af-42e2-81d4-9c65faf9176f",
          "title": "Read Data",
          "fullFile": "",
          "file": "",
          "beforeHooks": [],
          "afterHooks": [],
          "tests": [
            {
              "title": "Run Each JSON object",
              "fullTitle": "Read Data Run Each JSON object",
              "timedOut": null,
              "duration": 56937,
              "state": "passed",
              "speed": "slow",
              "pass": true,
              "fail": false,
              "pending": false,
              "context": null,
              "code": "cy.visit('http://leaftaps.com/opentaps');\ncy.get('#username').type('DemoSalesManager');\ncy.get('#password').type('crmsfa');\ncy.get('.decorativeSubmit').click();\ncy.contains(\"CRM/SFA\").click();\ncy.contains(\"Leads\").click();\ncy.contains(\"Create Lead\").click();\ncy.get(\"#createLeadForm_companyName\").type(eachData.companyName);\ncy.get(\"#createLeadForm_firstName\").type(eachData.firstName);\ncy.get(\"#createLeadForm_lastName\").type(eachData.lastName);\ncy.get(\"input[value = 'Create Lead']\").click();\ncy.title().should('eq', 'View Lead | opentaps CRM');\ncy.screenshot();",
              "err": {},
              "uuid": "1151b662-8526-4635-9060-a60ae2feff9d",
              "parentUUID": "2c48996e-48af-42e2-81d4-9c65faf9176f",
              "isHook": false,
              "skipped": false
            },
            {
              "title": "Run Each JSON object",
              "fullTitle": "Read Data Run Each JSON object",
              "timedOut": null,
              "duration": 35694,
              "state": "passed",
              "speed": "slow",
              "pass": true,
              "fail": false,
              "pending": false,
              "context": null,
              "code": "cy.visit('http://leaftaps.com/opentaps');\ncy.get('#username').type('DemoSalesManager');\ncy.get('#password').type('crmsfa');\ncy.get('.decorativeSubmit').click();\ncy.contains(\"CRM/SFA\").click();\ncy.contains(\"Leads\").click();\ncy.contains(\"Create Lead\").click();\ncy.get(\"#createLeadForm_companyName\").type(eachData.companyName);\ncy.get(\"#createLeadForm_firstName\").type(eachData.firstName);\ncy.get(\"#createLeadForm_lastName\").type(eachData.lastName);\ncy.get(\"input[value = 'Create Lead']\").click();\ncy.title().should('eq', 'View Lead | opentaps CRM');\ncy.screenshot();",
              "err": {},
              "uuid": "d561a42d-2d37-4cae-ad11-5a1b4e403c0c",
              "parentUUID": "2c48996e-48af-42e2-81d4-9c65faf9176f",
              "isHook": false,
              "skipped": false
            },
            {
              "title": "Run Each JSON object",
              "fullTitle": "Read Data Run Each JSON object",
              "timedOut": null,
              "duration": 74172,
              "state": "failed",
              "speed": null,
              "pass": false,
              "fail": true,
              "pending": false,
              "context": null,
              "code": "cy.visit('http://leaftaps.com/opentaps');\ncy.get('#username').type('DemoSalesManager');\ncy.get('#password').type('crmsfa');\ncy.get('.decorativeSubmit').click();\ncy.contains(\"CRM/SFA\").click();\ncy.contains(\"Leads\").click();\ncy.contains(\"Create Lead\").click();\ncy.get(\"#createLeadForm_companyName\").type(eachData.companyName);\ncy.get(\"#createLeadForm_firstName\").type(eachData.firstName);\ncy.get(\"#createLeadForm_lastName\").type(eachData.lastName);\ncy.get(\"input[value = 'Create Lead']\").click();\ncy.title().should('eq', 'View Lead | opentaps CRM');\ncy.screenshot();",
              "err": {
                "message": "CypressError: `cy.screenshot()` timed out waiting `30000ms` to complete.\n\nhttps://on.cypress.io/screenshot",
                "estack": "CypressError: `cy.screenshot()` timed out waiting `30000ms` to complete.\n\nhttps://on.cypress.io/screenshot\n    at http://leaftaps.com/__cypress/runner/cypress_runner.js:157837:22\n    at tryCatcher (http://leaftaps.com/__cypress/runner/cypress_runner.js:9956:23)\n    at http://leaftaps.com/__cypress/runner/cypress_runner.js:5078:41\n    at tryCatcher (http://leaftaps.com/__cypress/runner/cypress_runner.js:9956:23)\n    at Promise._settlePromiseFromHandler (http://leaftaps.com/__cypress/runner/cypress_runner.js:7891:31)\n    at Promise._settlePromise (http://leaftaps.com/__cypress/runner/cypress_runner.js:7948:18)\n    at Promise._settlePromise0 (http://leaftaps.com/__cypress/runner/cypress_runner.js:7993:10)\n    at Promise._settlePromises (http://leaftaps.com/__cypress/runner/cypress_runner.js:8069:18)\n    at _drainQueueStep (http://leaftaps.com/__cypress/runner/cypress_runner.js:4663:12)\n    at _drainQueue (http://leaftaps.com/__cypress/runner/cypress_runner.js:4656:9)\n    at Async.../../node_modules/bluebird/js/release/async.js.Async._drainQueues (http://leaftaps.com/__cypress/runner/cypress_runner.js:4672:5)\n    at Async.drainQueues (http://leaftaps.com/__cypress/runner/cypress_runner.js:4542:14)\nFrom Your Spec Code:\n    at Context.eval (http://leaftaps.com/__cypress/tests?p=cypress\\integration\\week2\\RunIterations.js:40:10)",
                "diff": null
              },
              "uuid": "87325530-ff4e-478a-a22c-a5d155996424",
              "parentUUID": "2c48996e-48af-42e2-81d4-9c65faf9176f",
              "isHook": false,
              "skipped": false
            }
          ],
          "suites": [],
          "passes": [
            "1151b662-8526-4635-9060-a60ae2feff9d",
            "d561a42d-2d37-4cae-ad11-5a1b4e403c0c"
          ],
          "failures": [
            "87325530-ff4e-478a-a22c-a5d155996424"
          ],
          "pending": [],
          "skipped": [],
          "duration": 166803,
          "root": false,
          "rootEmpty": false,
          "_timeout": 2000
        }
      ],
      "passes": [],
      "failures": [],
      "pending": [],
      "skipped": [],
      "duration": 0,
      "root": true,
      "rootEmpty": true,
      "_timeout": 2000
    }
  ],
  "meta": {
    "mocha": {
      "version": "7.0.1"
    },
    "mochawesome": {
      "options": {
        "quiet": false,
        "reportFilename": "mochawesome",
        "saveHtml": true,
        "saveJson": true,
        "consoleReporter": "spec",
        "useInlineDiffs": false,
        "code": true
      },
      "version": "6.1.1"
    },
    "marge": {
      "options": {
        "reportDir": "cypress/report/mochawesome-report",
        "overwrite": false,
        "html": true,
        "json": true,
        "timestamp": "mmddyyyy_HHMMss"
      },
      "version": "5.1.0"
    }
  }
}