{
  "stats": {
    "suites": 1,
    "tests": 1,
    "passes": 0,
    "pending": 0,
    "failures": 1,
    "start": "2020-08-08T07:37:53.412Z",
    "end": "2020-08-08T07:37:54.252Z",
    "duration": 840,
    "testsRegistered": 1,
    "passPercent": 0,
    "pendingPercent": 0,
    "other": 0,
    "hasOther": false,
    "skipped": 0,
    "hasSkipped": false
  },
  "results": [
    {
      "uuid": "434353ee-b685-4b8a-b79b-6b7687b922fd",
      "title": "",
      "fullFile": "cypress\\integration\\week2\\Classroom.js",
      "file": "cypress\\integration\\week2\\Classroom.js",
      "beforeHooks": [],
      "afterHooks": [],
      "tests": [],
      "suites": [
        {
          "uuid": "c3d9b666-856c-4e39-8426-9f55c475f364",
          "title": "Learn Webtable",
          "fullFile": "",
          "file": "",
          "beforeHooks": [],
          "afterHooks": [],
          "tests": [
            {
              "title": "Erail Webtable",
              "fullTitle": "Learn Webtable Erail Webtable",
              "timedOut": null,
              "duration": 711,
              "state": "failed",
              "speed": null,
              "pass": false,
              "fail": true,
              "pending": false,
              "context": null,
              "code": "cy.visit('http://www.leafground.com/pages/sorttable.html');\ncy.get('#table_id').find('tbody').find('tr').as('tableRows');\ncy.screenshot('File2', viewport);\ncy.get('@tableRows').each(function ($tr, index, $trs) {\n  var emp_id = $tr.find('td').first().text();\n  if (emp_id < 1007) {\n    cy.log($tr.find('td').last().prev().text());\n  }\n});",
              "err": {
                "message": "ReferenceError: viewport is not defined",
                "estack": "ReferenceError: viewport is not defined\n    at Context.eval (http://localhost:64962/__cypress/tests?p=cypress\\integration\\week2\\Classroom.js:9:28)",
                "diff": null
              },
              "uuid": "bc933c1b-c8c1-4376-9eb2-e0f17c7f97ce",
              "parentUUID": "c3d9b666-856c-4e39-8426-9f55c475f364",
              "isHook": false,
              "skipped": false
            }
          ],
          "suites": [],
          "passes": [],
          "failures": [
            "bc933c1b-c8c1-4376-9eb2-e0f17c7f97ce"
          ],
          "pending": [],
          "skipped": [],
          "duration": 711,
          "root": false,
          "rootEmpty": false,
          "_timeout": 2000
        }
      ],
      "passes": [],
      "failures": [],
      "pending": [],
      "skipped": [],
      "duration": 0,
      "root": true,
      "rootEmpty": true,
      "_timeout": 2000
    }
  ],
  "meta": {
    "mocha": {
      "version": "7.0.1"
    },
    "mochawesome": {
      "options": {
        "quiet": false,
        "reportFilename": "mochawesome",
        "saveHtml": true,
        "saveJson": true,
        "consoleReporter": "spec",
        "useInlineDiffs": false,
        "code": true
      },
      "version": "6.1.1"
    },
    "marge": {
      "options": {
        "reportDir": "cypress/report/mochawesome-report",
        "overwrite": false,
        "html": true,
        "json": true,
        "timestamp": "mmddyyyy_HHMMss"
      },
      "version": "5.1.0"
    }
  }
}